2025-02-20 21:01:13:113 [32minfo[39m: [32mServer is running on port 3000[39m
2025-02-20 21:02:12:212 [32minfo[39m: [32mDatabase connected[39m
2025-02-20 21:02:12:212 [32minfo[39m: [32mServer is running on port 3000[39m
2025-02-20 21:09:57:957 [32minfo[39m: [32mDatabase connected[39m
2025-02-20 21:09:57:957 [32minfo[39m: [32mServer is running on port 3000[39m
2025-02-20 21:10:05:105 [32minfo[39m: [32mDatabase connected[39m
2025-02-20 21:10:05:105 [32minfo[39m: [32mServer is running on port 3000[39m
2025-02-20 21:10:39:1039 [35mhttp[39m: [35mGET /api/test 200 27 - 1.611 ms[39m
[35m[39m
2025-02-20 21:20:37:2037 [32minfo[39m: [32mDatabase connected[39m
2025-02-20 21:20:37:2037 [32minfo[39m: [32mServer is running on port 3000[39m
2025-02-20 21:22:00:220 [32minfo[39m: [32mDatabase connected[39m
2025-02-20 21:22:00:220 [32minfo[39m: [32mServer is running on port 3000[39m
2025-02-20 21:23:35:2335 [32minfo[39m: [32mDatabase connected[39m
2025-02-20 21:23:35:2335 [32minfo[39m: [32mServer is running on port 3000[39m
2025-02-20 21:31:12:3112 [32minfo[39m: [32mDatabase connected[39m
2025-02-20 21:31:12:3112 [32minfo[39m: [32mServer is running on port 3000[39m
2025-02-20 21:33:47:3347 [32minfo[39m: [32mDatabase connected[39m
2025-02-20 21:33:47:3347 [32minfo[39m: [32mServer is running on port 3000[39m
2025-02-20 21:52:57:5257 [32minfo[39m: [32mDatabase connected[39m
2025-02-20 21:52:57:5257 [32minfo[39m: [32mServer is running on port 3000[39m
2025-02-20 21:53:10:5310 [35mhttp[39m: [35mPOST /api/movie 200 9 - 1.569 ms[39m
[35m[39m
2025-02-20 21:54:02:542 [35mhttp[39m: [35mPOST /api/test 404 148 - 0.922 ms[39m
[35m[39m
2025-02-20 21:54:08:548 [35mhttp[39m: [35mGET /api/test 200 27 - 0.616 ms[39m
[35m[39m
2025-02-20 21:54:36:5436 [35mhttp[39m: [35mPOST /api/movie 200 9 - 0.340 ms[39m
[35m[39m
2025-02-20 21:57:06:576 [32minfo[39m: [32mDatabase connected[39m
2025-02-20 21:57:06:576 [32minfo[39m: [32mServer is running on port 3000[39m
2025-02-20 21:59:11:5911 [32minfo[39m: [32mDatabase connected[39m
2025-02-20 21:59:11:5911 [32minfo[39m: [32mServer is running on port 3000[39m
2025-02-20 22:01:46:146 [35mhttp[39m: [35mPOST /api/movie 201 299 - 86.265 ms[39m
[35m[39m
2025-02-20 22:19:46:1946 [32minfo[39m: [32mDatabase connected[39m
2025-02-20 22:19:46:1946 [32minfo[39m: [32mServer is running on port 3000[39m
2025-02-20 22:20:17:2017 [32minfo[39m: [32mDatabase connected[39m
2025-02-20 22:20:17:2017 [32minfo[39m: [32mServer is running on port 3000[39m
2025-02-20 22:20:27:2027 [35mhttp[39m: [35mPOST /api/movie 201 299 - 77.969 ms[39m
[35m[39m
